notes-new-drawing/app/build/intermediates/manifest_merge_blame_file/debug/processDebugMainManifest/manifest-merger-blame-debug-report.txt
1<?xml version="1.0" encoding="utf-8"?>
2<manifest xmlns:android="http://schemas.android.com/apk/res/android"
3    package="com.wyldsoft.notes"
4    android:versionCode="14"
5    android:versionName="0.0.14" >
6
7    <uses-sdk
8        android:minSdkVersion="29"
9        android:targetSdkVersion="35" />
10
11    <uses-permission android:name="android.permission.ACCESS_NETWORK_STATE" />
11-->[com.onyx.android.sdk:onyxsdk-base:1.7.8] AndroidManifest.xml:12:5-79
11-->[com.onyx.android.sdk:onyxsdk-base:1.7.8] AndroidManifest.xml:12:22-76
12    <uses-permission android:name="android.permission.ACCESS_WIFI_STATE" />
12-->[com.onyx.android.sdk:onyxsdk-base:1.7.8] AndroidManifest.xml:13:5-76
12-->[com.onyx.android.sdk:onyxsdk-base:1.7.8] AndroidManifest.xml:13:22-73
13    <uses-permission android:name="android.permission.CHANGE_WIFI_STATE" />
13-->[com.onyx.android.sdk:onyxsdk-base:1.7.8] AndroidManifest.xml:14:5-76
13-->[com.onyx.android.sdk:onyxsdk-base:1.7.8] AndroidManifest.xml:14:22-73
14    <uses-permission android:name="android.permission.BLUETOOTH" />
14-->[com.onyx.android.sdk:onyxsdk-base:1.7.8] AndroidManifest.xml:15:5-68
14-->[com.onyx.android.sdk:onyxsdk-base:1.7.8] AndroidManifest.xml:15:22-65
15    <uses-permission android:name="android.permission.DUMP" />
15-->[com.onyx.android.sdk:onyxsdk-base:1.7.8] AndroidManifest.xml:16:5-63
15-->[com.onyx.android.sdk:onyxsdk-base:1.7.8] AndroidManifest.xml:16:22-60
16    <uses-permission android:name="android.permission.WAKE_LOCK" />
16-->[com.onyx.android.sdk:onyxsdk-base:1.7.8] AndroidManifest.xml:17:5-68
16-->[com.onyx.android.sdk:onyxsdk-base:1.7.8] AndroidManifest.xml:17:22-65
17    <uses-permission android:name="android.permission.FOREGROUND_SERVICE" />
17-->[com.onyx.android.sdk:onyxsdk-base:1.7.8] AndroidManifest.xml:18:5-77
17-->[com.onyx.android.sdk:onyxsdk-base:1.7.8] AndroidManifest.xml:18:22-74
18    <uses-permission android:name="android.permission.SYSTEM_ALERT_WINDOW" />
18-->[com.onyx.android.sdk:onyxsdk-base:1.7.8] AndroidManifest.xml:19:5-78
18-->[com.onyx.android.sdk:onyxsdk-base:1.7.8] AndroidManifest.xml:19:22-75
19    <uses-permission android:name="android.permission.WRITE_EXTERNAL_STORAGE" />
19-->[com.onyx.android.sdk:onyxsdk-base:1.7.8] AndroidManifest.xml:20:5-81
19-->[com.onyx.android.sdk:onyxsdk-base:1.7.8] AndroidManifest.xml:20:22-78
20    <uses-permission android:name="android.permission.READ_EXTERNAL_STORAGE" />
20-->[com.onyx.android.sdk:onyxsdk-base:1.7.8] AndroidManifest.xml:21:5-80
20-->[com.onyx.android.sdk:onyxsdk-base:1.7.8] AndroidManifest.xml:21:22-77
21    <uses-permission android:name="android.permission.INTERNET" />
21-->[com.google.mlkit:digital-ink-recognition:18.1.0] AndroidManifest.xml:9:5-67
21-->[com.google.mlkit:digital-ink-recognition:18.1.0] AndroidManifest.xml:9:22-64
22    <uses-permission android:name="com.google.android.gms.permission.AD_ID" />
22-->[com.google.android.gms:play-services-measurement-api:22.4.0] AndroidManifest.xml:25:5-79
22-->[com.google.android.gms:play-services-measurement-api:22.4.0] AndroidManifest.xml:25:22-76
23    <uses-permission android:name="android.permission.ACCESS_ADSERVICES_ATTRIBUTION" />
23-->[com.google.android.gms:play-services-measurement-api:22.4.0] AndroidManifest.xml:26:5-88
23-->[com.google.android.gms:play-services-measurement-api:22.4.0] AndroidManifest.xml:26:22-85
24    <uses-permission android:name="android.permission.ACCESS_ADSERVICES_AD_ID" />
24-->[com.google.android.gms:play-services-measurement-api:22.4.0] AndroidManifest.xml:27:5-82
24-->[com.google.android.gms:play-services-measurement-api:22.4.0] AndroidManifest.xml:27:22-79
25    <uses-permission android:name="com.google.android.finsky.permission.BIND_GET_INSTALL_REFERRER_SERVICE" />
25-->[com.google.android.gms:play-services-measurement:22.4.0] AndroidManifest.xml:26:5-110
25-->[com.google.android.gms:play-services-measurement:22.4.0] AndroidManifest.xml:26:22-107
26    <uses-permission android:name="android.permission.RECEIVE_BOOT_COMPLETED" />
26-->[androidx.work:work-runtime:2.7.0] AndroidManifest.xml:27:5-81
26-->[androidx.work:work-runtime:2.7.0] AndroidManifest.xml:27:22-78
27
28    <permission
28-->[androidx.core:core:1.15.0] AndroidManifest.xml:22:5-24:47
29        android:name="com.wyldsoft.notes.DYNAMIC_RECEIVER_NOT_EXPORTED_PERMISSION"
29-->[androidx.core:core:1.15.0] AndroidManifest.xml:23:9-81
30        android:protectionLevel="signature" />
30-->[androidx.core:core:1.15.0] AndroidManifest.xml:24:9-44
31
32    <uses-permission android:name="com.wyldsoft.notes.DYNAMIC_RECEIVER_NOT_EXPORTED_PERMISSION" />
32-->[androidx.core:core:1.15.0] AndroidManifest.xml:26:5-97
32-->[androidx.core:core:1.15.0] AndroidManifest.xml:26:22-94
33
34    <application
34-->src/main/AndroidManifest.xml:5:5-29:19
35        android:name="com.wyldsoft.notes.ScrotesApp"
35-->src/main/AndroidManifest.xml:6:9-35
36        android:allowBackup="true"
36-->src/main/AndroidManifest.xml:7:9-35
37        android:appComponentFactory="androidx.core.app.CoreComponentFactory"
37-->[androidx.core:core:1.15.0] AndroidManifest.xml:28:18-86
38        android:debuggable="true"
39        android:extractNativeLibs="false"
40        android:icon="@mipmap/ic_launcher"
40-->src/main/AndroidManifest.xml:8:9-43
41        android:label="@string/app_name"
41-->src/main/AndroidManifest.xml:9:9-41
42        android:roundIcon="@mipmap/ic_launcher_round"
42-->src/main/AndroidManifest.xml:10:9-54
43        android:supportsRtl="true"
43-->src/main/AndroidManifest.xml:11:9-35
44        android:theme="@style/Theme.AppCompat.Light.NoActionBar" >
44-->src/main/AndroidManifest.xml:12:9-65
45        <activity
45-->src/main/AndroidManifest.xml:14:9-22:20
46            android:name="com.wyldsoft.notes.MainActivity"
46-->src/main/AndroidManifest.xml:15:13-41
47            android:exported="true"
47-->src/main/AndroidManifest.xml:16:13-36
48            android:screenOrientation="portrait" >
48-->src/main/AndroidManifest.xml:17:13-49
49            <intent-filter>
49-->src/main/AndroidManifest.xml:18:13-21:29
50                <action android:name="android.intent.action.MAIN" />
50-->src/main/AndroidManifest.xml:19:17-69
50-->src/main/AndroidManifest.xml:19:25-66
51
52                <category android:name="android.intent.category.LAUNCHER" />
52-->src/main/AndroidManifest.xml:20:17-77
52-->src/main/AndroidManifest.xml:20:27-74
53            </intent-filter>
54        </activity>
55        <activity
55-->src/main/AndroidManifest.xml:24:9-28:20
56            android:name="com.wyldsoft.notes.sdkintegration.onyx.OnyxDrawingActivity"
56-->src/main/AndroidManifest.xml:25:13-68
57            android:exported="true"
57-->src/main/AndroidManifest.xml:26:13-36
58            android:screenOrientation="portrait" >
58-->src/main/AndroidManifest.xml:27:13-49
59        </activity>
60
61        <uses-library
61-->[com.onyx.android.sdk:onyxsdk-base:1.7.8] AndroidManifest.xml:26:9-28:40
62            android:name="org.apache.http.legacy"
62-->[com.onyx.android.sdk:onyxsdk-base:1.7.8] AndroidManifest.xml:27:13-50
63            android:required="false" />
63-->[com.onyx.android.sdk:onyxsdk-base:1.7.8] AndroidManifest.xml:28:13-37
64
65        <service
65-->[com.google.mlkit:digital-ink-recognition:18.1.0] AndroidManifest.xml:12:9-18:19
66            android:name="com.google.mlkit.common.internal.MlKitComponentDiscoveryService"
66-->[com.google.mlkit:digital-ink-recognition:18.1.0] AndroidManifest.xml:13:13-91
67            android:directBootAware="true"
67-->[com.google.mlkit:common:18.6.0] AndroidManifest.xml:17:13-43
68            android:exported="false" >
68-->[com.google.mlkit:digital-ink-recognition:18.1.0] AndroidManifest.xml:14:13-37
69            <meta-data
69-->[com.google.mlkit:digital-ink-recognition:18.1.0] AndroidManifest.xml:15:13-17:85
70                android:name="com.google.firebase.components:com.google.mlkit.vision.digitalink.internal.DigitalInkRecognitionRegistrar"
70-->[com.google.mlkit:digital-ink-recognition:18.1.0] AndroidManifest.xml:16:17-137
71                android:value="com.google.firebase.components.ComponentRegistrar" />
71-->[com.google.mlkit:digital-ink-recognition:18.1.0] AndroidManifest.xml:17:17-82
72            <meta-data
72-->[com.google.mlkit:common:18.6.0] AndroidManifest.xml:20:13-22:85
73                android:name="com.google.firebase.components:com.google.mlkit.common.internal.CommonComponentRegistrar"
73-->[com.google.mlkit:common:18.6.0] AndroidManifest.xml:21:17-120
74                android:value="com.google.firebase.components.ComponentRegistrar" />
74-->[com.google.mlkit:common:18.6.0] AndroidManifest.xml:22:17-82
75        </service>
76
77        <provider
77-->[com.google.mlkit:common:18.6.0] AndroidManifest.xml:9:9-13:38
78            android:name="com.google.mlkit.common.internal.MlKitInitProvider"
78-->[com.google.mlkit:common:18.6.0] AndroidManifest.xml:10:13-78
79            android:authorities="com.wyldsoft.notes.mlkitinitprovider"
79-->[com.google.mlkit:common:18.6.0] AndroidManifest.xml:11:13-69
80            android:exported="false"
80-->[com.google.mlkit:common:18.6.0] AndroidManifest.xml:12:13-37
81            android:initOrder="99" />
81-->[com.google.mlkit:common:18.6.0] AndroidManifest.xml:13:13-35
82
83        <service
83-->[com.google.firebase:firebase-analytics-ktx:22.4.0] AndroidManifest.xml:8:9-14:19
84            android:name="com.google.firebase.components.ComponentDiscoveryService"
84-->[com.google.firebase:firebase-analytics-ktx:22.4.0] AndroidManifest.xml:9:13-84
85            android:directBootAware="true"
85-->[com.google.firebase:firebase-common:21.0.0] AndroidManifest.xml:32:13-43
86            android:exported="false" >
86-->[com.google.firebase:firebase-analytics-ktx:22.4.0] AndroidManifest.xml:10:13-37
87            <meta-data
87-->[com.google.firebase:firebase-analytics-ktx:22.4.0] AndroidManifest.xml:11:13-13:85
88                android:name="com.google.firebase.components:com.google.firebase.analytics.ktx.FirebaseAnalyticsLegacyRegistrar"
88-->[com.google.firebase:firebase-analytics-ktx:22.4.0] AndroidManifest.xml:12:17-129
89                android:value="com.google.firebase.components.ComponentRegistrar" />
89-->[com.google.firebase:firebase-analytics-ktx:22.4.0] AndroidManifest.xml:13:17-82
90            <meta-data
90-->[com.google.android.gms:play-services-measurement-api:22.4.0] AndroidManifest.xml:33:13-35:85
91                android:name="com.google.firebase.components:com.google.firebase.analytics.connector.internal.AnalyticsConnectorRegistrar"
91-->[com.google.android.gms:play-services-measurement-api:22.4.0] AndroidManifest.xml:34:17-139
92                android:value="com.google.firebase.components.ComponentRegistrar" />
92-->[com.google.android.gms:play-services-measurement-api:22.4.0] AndroidManifest.xml:35:17-82
93            <meta-data
93-->[com.google.firebase:firebase-installations:18.0.0] AndroidManifest.xml:15:13-17:85
94                android:name="com.google.firebase.components:com.google.firebase.installations.FirebaseInstallationsKtxRegistrar"
94-->[com.google.firebase:firebase-installations:18.0.0] AndroidManifest.xml:16:17-130
95                android:value="com.google.firebase.components.ComponentRegistrar" />
95-->[com.google.firebase:firebase-installations:18.0.0] AndroidManifest.xml:17:17-82
96            <meta-data
96-->[com.google.firebase:firebase-installations:18.0.0] AndroidManifest.xml:18:13-20:85
97                android:name="com.google.firebase.components:com.google.firebase.installations.FirebaseInstallationsRegistrar"
97-->[com.google.firebase:firebase-installations:18.0.0] AndroidManifest.xml:19:17-127
98                android:value="com.google.firebase.components.ComponentRegistrar" />
98-->[com.google.firebase:firebase-installations:18.0.0] AndroidManifest.xml:20:17-82
99            <meta-data
99-->[com.google.firebase:firebase-common-ktx:21.0.0] AndroidManifest.xml:12:13-14:85
100                android:name="com.google.firebase.components:com.google.firebase.ktx.FirebaseCommonLegacyRegistrar"
100-->[com.google.firebase:firebase-common-ktx:21.0.0] AndroidManifest.xml:13:17-116
101                android:value="com.google.firebase.components.ComponentRegistrar" />
101-->[com.google.firebase:firebase-common-ktx:21.0.0] AndroidManifest.xml:14:17-82
102            <meta-data
102-->[com.google.firebase:firebase-common:21.0.0] AndroidManifest.xml:35:13-37:85
103                android:name="com.google.firebase.components:com.google.firebase.FirebaseCommonKtxRegistrar"
103-->[com.google.firebase:firebase-common:21.0.0] AndroidManifest.xml:36:17-109
104                android:value="com.google.firebase.components.ComponentRegistrar" />
104-->[com.google.firebase:firebase-common:21.0.0] AndroidManifest.xml:37:17-82
105        </service>
106
107        <provider
107-->[com.google.firebase:firebase-common:21.0.0] AndroidManifest.xml:23:9-28:39
108            android:name="com.google.firebase.provider.FirebaseInitProvider"
108-->[com.google.firebase:firebase-common:21.0.0] AndroidManifest.xml:24:13-77
109            android:authorities="com.wyldsoft.notes.firebaseinitprovider"
109-->[com.google.firebase:firebase-common:21.0.0] AndroidManifest.xml:25:13-72
110            android:directBootAware="true"
110-->[com.google.firebase:firebase-common:21.0.0] AndroidManifest.xml:26:13-43
111            android:exported="false"
111-->[com.google.firebase:firebase-common:21.0.0] AndroidManifest.xml:27:13-37
112            android:initOrder="100" />
112-->[com.google.firebase:firebase-common:21.0.0] AndroidManifest.xml:28:13-36
113
114        <receiver
114-->[com.google.android.gms:play-services-measurement:22.4.0] AndroidManifest.xml:29:9-33:20
115            android:name="com.google.android.gms.measurement.AppMeasurementReceiver"
115-->[com.google.android.gms:play-services-measurement:22.4.0] AndroidManifest.xml:30:13-85
116            android:enabled="true"
116-->[com.google.android.gms:play-services-measurement:22.4.0] AndroidManifest.xml:31:13-35
117            android:exported="false" >
117-->[com.google.android.gms:play-services-measurement:22.4.0] AndroidManifest.xml:32:13-37
118        </receiver>
119
120        <service
120-->[com.google.android.gms:play-services-measurement:22.4.0] AndroidManifest.xml:35:9-38:40
121            android:name="com.google.android.gms.measurement.AppMeasurementService"
121-->[com.google.android.gms:play-services-measurement:22.4.0] AndroidManifest.xml:36:13-84
122            android:enabled="true"
122-->[com.google.android.gms:play-services-measurement:22.4.0] AndroidManifest.xml:37:13-35
123            android:exported="false" />
123-->[com.google.android.gms:play-services-measurement:22.4.0] AndroidManifest.xml:38:13-37
124        <service
124-->[com.google.android.gms:play-services-measurement:22.4.0] AndroidManifest.xml:39:9-43:72
125            android:name="com.google.android.gms.measurement.AppMeasurementJobService"
125-->[com.google.android.gms:play-services-measurement:22.4.0] AndroidManifest.xml:40:13-87
126            android:enabled="true"
126-->[com.google.android.gms:play-services-measurement:22.4.0] AndroidManifest.xml:41:13-35
127            android:exported="false"
127-->[com.google.android.gms:play-services-measurement:22.4.0] AndroidManifest.xml:42:13-37
128            android:permission="android.permission.BIND_JOB_SERVICE" />
128-->[com.google.android.gms:play-services-measurement:22.4.0] AndroidManifest.xml:43:13-69
129
130        <provider
130-->[androidx.work:work-runtime:2.7.0] AndroidManifest.xml:31:9-39:20
131            android:name="androidx.startup.InitializationProvider"
131-->[androidx.work:work-runtime:2.7.0] AndroidManifest.xml:32:13-67
132            android:authorities="com.wyldsoft.notes.androidx-startup"
132-->[androidx.work:work-runtime:2.7.0] AndroidManifest.xml:33:13-68
133            android:exported="false" >
133-->[androidx.work:work-runtime:2.7.0] AndroidManifest.xml:34:13-37
134            <meta-data
134-->[androidx.work:work-runtime:2.7.0] AndroidManifest.xml:36:13-38:52
135                android:name="androidx.work.WorkManagerInitializer"
135-->[androidx.work:work-runtime:2.7.0] AndroidManifest.xml:37:17-68
136                android:value="androidx.startup" />
136-->[androidx.work:work-runtime:2.7.0] AndroidManifest.xml:38:17-49
137            <meta-data
137-->[androidx.emoji2:emoji2:1.3.0] AndroidManifest.xml:29:13-31:52
138                android:name="androidx.emoji2.text.EmojiCompatInitializer"
138-->[androidx.emoji2:emoji2:1.3.0] AndroidManifest.xml:30:17-75
139                android:value="androidx.startup" />
139-->[androidx.emoji2:emoji2:1.3.0] AndroidManifest.xml:31:17-49
140            <meta-data
140-->[androidx.lifecycle:lifecycle-process:2.8.7] AndroidManifest.xml:29:13-31:52
141                android:name="androidx.lifecycle.ProcessLifecycleInitializer"
141-->[androidx.lifecycle:lifecycle-process:2.8.7] AndroidManifest.xml:30:17-78
142                android:value="androidx.startup" />
142-->[androidx.lifecycle:lifecycle-process:2.8.7] AndroidManifest.xml:31:17-49
143            <meta-data
143-->[androidx.profileinstaller:profileinstaller:1.4.0] AndroidManifest.xml:29:13-31:52
144                android:name="androidx.profileinstaller.ProfileInstallerInitializer"
144-->[androidx.profileinstaller:profileinstaller:1.4.0] AndroidManifest.xml:30:17-85
145                android:value="androidx.startup" />
145-->[androidx.profileinstaller:profileinstaller:1.4.0] AndroidManifest.xml:31:17-49
146        </provider>
147
148        <service
148-->[androidx.work:work-runtime:2.7.0] AndroidManifest.xml:41:9-46:35
149            android:name="androidx.work.impl.background.systemalarm.SystemAlarmService"
149-->[androidx.work:work-runtime:2.7.0] AndroidManifest.xml:42:13-88
150            android:directBootAware="false"
150-->[androidx.work:work-runtime:2.7.0] AndroidManifest.xml:43:13-44
151            android:enabled="@bool/enable_system_alarm_service_default"
151-->[androidx.work:work-runtime:2.7.0] AndroidManifest.xml:44:13-72
152            android:exported="false" />
152-->[androidx.work:work-runtime:2.7.0] AndroidManifest.xml:45:13-37
153        <service
153-->[androidx.work:work-runtime:2.7.0] AndroidManifest.xml:47:9-53:35
154            android:name="androidx.work.impl.background.systemjob.SystemJobService"
154-->[androidx.work:work-runtime:2.7.0] AndroidManifest.xml:48:13-84
155            android:directBootAware="false"
155-->[androidx.work:work-runtime:2.7.0] AndroidManifest.xml:49:13-44
156            android:enabled="@bool/enable_system_job_service_default"
156-->[androidx.work:work-runtime:2.7.0] AndroidManifest.xml:50:13-70
157            android:exported="true"
157-->[androidx.work:work-runtime:2.7.0] AndroidManifest.xml:51:13-36
158            android:permission="android.permission.BIND_JOB_SERVICE" />
158-->[androidx.work:work-runtime:2.7.0] AndroidManifest.xml:52:13-69
159        <service
159-->[androidx.work:work-runtime:2.7.0] AndroidManifest.xml:54:9-59:35
160            android:name="androidx.work.impl.foreground.SystemForegroundService"
160-->[androidx.work:work-runtime:2.7.0] AndroidManifest.xml:55:13-81
161            android:directBootAware="false"
161-->[androidx.work:work-runtime:2.7.0] AndroidManifest.xml:56:13-44
162            android:enabled="@bool/enable_system_foreground_service_default"
162-->[androidx.work:work-runtime:2.7.0] AndroidManifest.xml:57:13-77
163            android:exported="false" />
163-->[androidx.work:work-runtime:2.7.0] AndroidManifest.xml:58:13-37
164
165        <receiver
165-->[androidx.work:work-runtime:2.7.0] AndroidManifest.xml:61:9-66:35
166            android:name="androidx.work.impl.utils.ForceStopRunnable$BroadcastReceiver"
166-->[androidx.work:work-runtime:2.7.0] AndroidManifest.xml:62:13-88
167            android:directBootAware="false"
167-->[androidx.work:work-runtime:2.7.0] AndroidManifest.xml:63:13-44
168            android:enabled="true"
168-->[androidx.work:work-runtime:2.7.0] AndroidManifest.xml:64:13-35
169            android:exported="false" />
169-->[androidx.work:work-runtime:2.7.0] AndroidManifest.xml:65:13-37
170        <receiver
170-->[androidx.work:work-runtime:2.7.0] AndroidManifest.xml:67:9-77:20
171            android:name="androidx.work.impl.background.systemalarm.ConstraintProxy$BatteryChargingProxy"
171-->[androidx.work:work-runtime:2.7.0] AndroidManifest.xml:68:13-106
172            android:directBootAware="false"
172-->[androidx.work:work-runtime:2.7.0] AndroidManifest.xml:69:13-44
173            android:enabled="false"
173-->[androidx.work:work-runtime:2.7.0] AndroidManifest.xml:70:13-36
174            android:exported="false" >
174-->[androidx.work:work-runtime:2.7.0] AndroidManifest.xml:71:13-37
175            <intent-filter>
175-->[androidx.work:work-runtime:2.7.0] AndroidManifest.xml:73:13-76:29
176                <action android:name="android.intent.action.ACTION_POWER_CONNECTED" />
176-->[androidx.work:work-runtime:2.7.0] AndroidManifest.xml:74:17-87
176-->[androidx.work:work-runtime:2.7.0] AndroidManifest.xml:74:25-84
177                <action android:name="android.intent.action.ACTION_POWER_DISCONNECTED" />
177-->[androidx.work:work-runtime:2.7.0] AndroidManifest.xml:75:17-90
177-->[androidx.work:work-runtime:2.7.0] AndroidManifest.xml:75:25-87
178            </intent-filter>
179        </receiver>
180        <receiver
180-->[androidx.work:work-runtime:2.7.0] AndroidManifest.xml:78:9-88:20
181            android:name="androidx.work.impl.background.systemalarm.ConstraintProxy$BatteryNotLowProxy"
181-->[androidx.work:work-runtime:2.7.0] AndroidManifest.xml:79:13-104
182            android:directBootAware="false"
182-->[androidx.work:work-runtime:2.7.0] AndroidManifest.xml:80:13-44
183            android:enabled="false"
183-->[androidx.work:work-runtime:2.7.0] AndroidManifest.xml:81:13-36
184            android:exported="false" >
184-->[androidx.work:work-runtime:2.7.0] AndroidManifest.xml:82:13-37
185            <intent-filter>
185-->[androidx.work:work-runtime:2.7.0] AndroidManifest.xml:84:13-87:29
186                <action android:name="android.intent.action.BATTERY_OKAY" />
186-->[androidx.work:work-runtime:2.7.0] AndroidManifest.xml:85:17-77
186-->[androidx.work:work-runtime:2.7.0] AndroidManifest.xml:85:25-74
187                <action android:name="android.intent.action.BATTERY_LOW" />
187-->[androidx.work:work-runtime:2.7.0] AndroidManifest.xml:86:17-76
187-->[androidx.work:work-runtime:2.7.0] AndroidManifest.xml:86:25-73
188            </intent-filter>
189        </receiver>
190        <receiver
190-->[androidx.work:work-runtime:2.7.0] AndroidManifest.xml:89:9-99:20
191            android:name="androidx.work.impl.background.systemalarm.ConstraintProxy$StorageNotLowProxy"
191-->[androidx.work:work-runtime:2.7.0] AndroidManifest.xml:90:13-104
192            android:directBootAware="false"
192-->[androidx.work:work-runtime:2.7.0] AndroidManifest.xml:91:13-44
193            android:enabled="false"
193-->[androidx.work:work-runtime:2.7.0] AndroidManifest.xml:92:13-36
194            android:exported="false" >
194-->[androidx.work:work-runtime:2.7.0] AndroidManifest.xml:93:13-37
195            <intent-filter>
195-->[androidx.work:work-runtime:2.7.0] AndroidManifest.xml:95:13-98:29
196                <action android:name="android.intent.action.DEVICE_STORAGE_LOW" />
196-->[androidx.work:work-runtime:2.7.0] AndroidManifest.xml:96:17-83
196-->[androidx.work:work-runtime:2.7.0] AndroidManifest.xml:96:25-80
197                <action android:name="android.intent.action.DEVICE_STORAGE_OK" />
197-->[androidx.work:work-runtime:2.7.0] AndroidManifest.xml:97:17-82
197-->[androidx.work:work-runtime:2.7.0] AndroidManifest.xml:97:25-79
198            </intent-filter>
199        </receiver>
200        <receiver
200-->[androidx.work:work-runtime:2.7.0] AndroidManifest.xml:100:9-109:20
201            android:name="androidx.work.impl.background.systemalarm.ConstraintProxy$NetworkStateProxy"
201-->[androidx.work:work-runtime:2.7.0] AndroidManifest.xml:101:13-103
202            android:directBootAware="false"
202-->[androidx.work:work-runtime:2.7.0] AndroidManifest.xml:102:13-44
203            android:enabled="false"
203-->[androidx.work:work-runtime:2.7.0] AndroidManifest.xml:103:13-36
204            android:exported="false" >
204-->[androidx.work:work-runtime:2.7.0] AndroidManifest.xml:104:13-37
205            <intent-filter>
205-->[androidx.work:work-runtime:2.7.0] AndroidManifest.xml:106:13-108:29
206                <action android:name="android.net.conn.CONNECTIVITY_CHANGE" />
206-->[androidx.work:work-runtime:2.7.0] AndroidManifest.xml:107:17-79
206-->[androidx.work:work-runtime:2.7.0] AndroidManifest.xml:107:25-76
207            </intent-filter>
208        </receiver>
209        <receiver
209-->[androidx.work:work-runtime:2.7.0] AndroidManifest.xml:110:9-121:20
210            android:name="androidx.work.impl.background.systemalarm.RescheduleReceiver"
210-->[androidx.work:work-runtime:2.7.0] AndroidManifest.xml:111:13-88
211            android:directBootAware="false"
211-->[androidx.work:work-runtime:2.7.0] AndroidManifest.xml:112:13-44
212            android:enabled="false"
212-->[androidx.work:work-runtime:2.7.0] AndroidManifest.xml:113:13-36
213            android:exported="false" >
213-->[androidx.work:work-runtime:2.7.0] AndroidManifest.xml:114:13-37
214            <intent-filter>
214-->[androidx.work:work-runtime:2.7.0] AndroidManifest.xml:116:13-120:29
215                <action android:name="android.intent.action.BOOT_COMPLETED" />
215-->[androidx.work:work-runtime:2.7.0] AndroidManifest.xml:117:17-79
215-->[androidx.work:work-runtime:2.7.0] AndroidManifest.xml:117:25-76
216                <action android:name="android.intent.action.TIME_SET" />
216-->[androidx.work:work-runtime:2.7.0] AndroidManifest.xml:118:17-73
216-->[androidx.work:work-runtime:2.7.0] AndroidManifest.xml:118:25-70
217                <action android:name="android.intent.action.TIMEZONE_CHANGED" />
217-->[androidx.work:work-runtime:2.7.0] AndroidManifest.xml:119:17-81
217-->[androidx.work:work-runtime:2.7.0] AndroidManifest.xml:119:25-78
218            </intent-filter>
219        </receiver>
220        <receiver
220-->[androidx.work:work-runtime:2.7.0] AndroidManifest.xml:122:9-131:20
221            android:name="androidx.work.impl.background.systemalarm.ConstraintProxyUpdateReceiver"
221-->[androidx.work:work-runtime:2.7.0] AndroidManifest.xml:123:13-99
222            android:directBootAware="false"
222-->[androidx.work:work-runtime:2.7.0] AndroidManifest.xml:124:13-44
223            android:enabled="@bool/enable_system_alarm_service_default"
223-->[androidx.work:work-runtime:2.7.0] AndroidManifest.xml:125:13-72
224            android:exported="false" >
224-->[androidx.work:work-runtime:2.7.0] AndroidManifest.xml:126:13-37
225            <intent-filter>
225-->[androidx.work:work-runtime:2.7.0] AndroidManifest.xml:128:13-130:29
226                <action android:name="androidx.work.impl.background.systemalarm.UpdateProxies" />
226-->[androidx.work:work-runtime:2.7.0] AndroidManifest.xml:129:17-98
226-->[androidx.work:work-runtime:2.7.0] AndroidManifest.xml:129:25-95
227            </intent-filter>
228        </receiver>
229        <receiver
229-->[androidx.work:work-runtime:2.7.0] AndroidManifest.xml:132:9-142:20
230            android:name="androidx.work.impl.diagnostics.DiagnosticsReceiver"
230-->[androidx.work:work-runtime:2.7.0] AndroidManifest.xml:133:13-78
231            android:directBootAware="false"
231-->[androidx.work:work-runtime:2.7.0] AndroidManifest.xml:134:13-44
232            android:enabled="true"
232-->[androidx.work:work-runtime:2.7.0] AndroidManifest.xml:135:13-35
233            android:exported="true"
233-->[androidx.work:work-runtime:2.7.0] AndroidManifest.xml:136:13-36
234            android:permission="android.permission.DUMP" >
234-->[androidx.work:work-runtime:2.7.0] AndroidManifest.xml:137:13-57
235            <intent-filter>
235-->[androidx.work:work-runtime:2.7.0] AndroidManifest.xml:139:13-141:29
236                <action android:name="androidx.work.diagnostics.REQUEST_DIAGNOSTICS" />
236-->[androidx.work:work-runtime:2.7.0] AndroidManifest.xml:140:17-88
236-->[androidx.work:work-runtime:2.7.0] AndroidManifest.xml:140:25-85
237            </intent-filter>
238        </receiver>
239
240        <service
240-->[androidx.room:room-runtime:2.6.1] AndroidManifest.xml:24:9-28:63
241            android:name="androidx.room.MultiInstanceInvalidationService"
241-->[androidx.room:room-runtime:2.6.1] AndroidManifest.xml:25:13-74
242            android:directBootAware="true"
242-->[androidx.room:room-runtime:2.6.1] AndroidManifest.xml:26:13-43
243            android:exported="false" />
243-->[androidx.room:room-runtime:2.6.1] AndroidManifest.xml:27:13-37
244
245        <activity
245-->[com.google.android.gms:play-services-base:18.5.0] AndroidManifest.xml:5:9-173
246            android:name="com.google.android.gms.common.api.GoogleApiActivity"
246-->[com.google.android.gms:play-services-base:18.5.0] AndroidManifest.xml:5:19-85
247            android:exported="false"
247-->[com.google.android.gms:play-services-base:18.5.0] AndroidManifest.xml:5:146-170
248            android:theme="@android:style/Theme.Translucent.NoTitleBar" />
248-->[com.google.android.gms:play-services-base:18.5.0] AndroidManifest.xml:5:86-145
249
250        <uses-library
250-->[androidx.privacysandbox.ads:ads-adservices:1.1.0-beta11] AndroidManifest.xml:23:9-25:40
251            android:name="android.ext.adservices"
251-->[androidx.privacysandbox.ads:ads-adservices:1.1.0-beta11] AndroidManifest.xml:24:13-50
252            android:required="false" />
252-->[androidx.privacysandbox.ads:ads-adservices:1.1.0-beta11] AndroidManifest.xml:25:13-37
253
254        <meta-data